2023-06-09 13:23:03,179 Slice: workclass=State-gov
2023-06-09 13:23:03,179 Precision: 0.953757225433526
2023-06-09 13:23:03,179 Recall: 0.9348441926345609
2023-06-09 13:23:03,180 fbeta: 0.944206008583691
2023-06-09 13:23:03,180 -----------------------
2023-06-09 13:23:03,236 Slice: workclass=Self-emp-not-inc
2023-06-09 13:23:03,236 Precision: 0.9504249291784702
2023-06-09 13:23:03,236 Recall: 0.9267955801104972
2023-06-09 13:23:03,236 fbeta: 0.9384615384615385
2023-06-09 13:23:03,236 -----------------------
2023-06-09 13:23:19,119 Slice: workclass=Private
2023-06-09 13:23:19,119 Precision: 0.9530535936850851
2023-06-09 13:23:19,120 Recall: 0.924440862381624
2023-06-09 13:23:19,120 fbeta: 0.938529201186458
2023-06-09 13:23:19,120 -----------------------
2023-06-09 13:23:19,150 Slice: workclass=Federal-gov
2023-06-09 13:23:19,150 Precision: 0.961218836565097
2023-06-09 13:23:19,150 Recall: 0.9353099730458221
2023-06-09 13:23:19,150 fbeta: 0.948087431693989
2023-06-09 13:23:19,150 -----------------------
2023-06-09 13:23:19,198 Slice: workclass=Local-gov
2023-06-09 13:23:19,198 Precision: 0.9454545454545454
2023-06-09 13:23:19,198 Recall: 0.9270664505672609
2023-06-09 13:23:19,198 fbeta: 0.9361702127659575
2023-06-09 13:23:19,198 -----------------------
2023-06-09 13:23:19,235 Slice: workclass=?
2023-06-09 13:23:19,235 Precision: 0.9488636363636364
2023-06-09 13:23:19,235 Recall: 0.8743455497382199
2023-06-09 13:23:19,235 fbeta: 0.9100817438692097
2023-06-09 13:23:19,235 -----------------------
2023-06-09 13:23:19,266 Slice: workclass=Self-emp-inc
2023-06-09 13:23:19,266 Precision: 0.9387755102040817
2023-06-09 13:23:19,266 Recall: 0.9614147909967846
2023-06-09 13:23:19,266 fbeta: 0.9499602859412233
2023-06-09 13:23:19,266 -----------------------
2023-06-09 13:23:19,278 Slice: workclass=Without-pay
2023-06-09 13:23:19,278 Precision: 1.0
2023-06-09 13:23:19,278 Recall: 1.0
2023-06-09 13:23:19,278 fbeta: 1.0
2023-06-09 13:23:19,278 -----------------------
2023-06-09 13:23:19,289 Slice: workclass=Never-worked
2023-06-09 13:23:19,289 Precision: 1.0
2023-06-09 13:23:19,289 Recall: 1.0
2023-06-09 13:23:19,289 fbeta: 1.0
2023-06-09 13:23:19,289 -----------------------
2023-06-09 13:23:19,384 Slice: education=Bachelors
2023-06-09 13:23:19,384 Precision: 0.947227191413238
2023-06-09 13:23:19,384 Recall: 0.9536244934714093
2023-06-09 13:23:19,384 fbeta: 0.9504150774063272
2023-06-09 13:23:19,384 -----------------------
2023-06-09 13:23:19,565 Slice: education=HS-grad
2023-06-09 13:23:19,565 Precision: 0.9391025641025641
2023-06-09 13:23:19,565 Recall: 0.8746268656716418
2023-06-09 13:23:19,565 fbeta: 0.9057187017001546
2023-06-09 13:23:19,565 -----------------------
2023-06-09 13:23:19,591 Slice: education=11th
2023-06-09 13:23:19,591 Precision: 0.9818181818181818
2023-06-09 13:23:19,591 Recall: 0.9
2023-06-09 13:23:19,591 fbeta: 0.9391304347826087
2023-06-09 13:23:19,591 -----------------------
2023-06-09 13:23:19,628 Slice: education=Masters
2023-06-09 13:23:19,628 Precision: 0.9607438016528925
2023-06-09 13:23:19,628 Recall: 0.9697601668404588
2023-06-09 13:23:19,628 fbeta: 0.9652309289050337
2023-06-09 13:23:19,628 -----------------------
2023-06-09 13:23:19,647 Slice: education=9th
2023-06-09 13:23:19,647 Precision: 1.0
2023-06-09 13:23:19,647 Recall: 0.9259259259259259
2023-06-09 13:23:19,647 fbeta: 0.9615384615384615
2023-06-09 13:23:19,647 -----------------------
2023-06-09 13:23:19,766 Slice: education=Some-college
2023-06-09 13:23:19,766 Precision: 0.9544764795144158
2023-06-09 13:23:19,766 Recall: 0.9069935111751982
2023-06-09 13:23:19,766 fbeta: 0.9301293900184843
2023-06-09 13:23:19,766 -----------------------
2023-06-09 13:23:19,795 Slice: education=Assoc-acdm
2023-06-09 13:23:19,795 Precision: 0.964
2023-06-09 13:23:19,795 Recall: 0.909433962264151
2023-06-09 13:23:19,795 fbeta: 0.9359223300970874
2023-06-09 13:23:19,795 -----------------------
2023-06-09 13:23:19,830 Slice: education=Assoc-voc
2023-06-09 13:23:19,830 Precision: 0.9305555555555556
2023-06-09 13:23:19,830 Recall: 0.9279778393351801
2023-06-09 13:23:19,830 fbeta: 0.9292649098474342
2023-06-09 13:23:19,830 -----------------------
2023-06-09 13:23:19,851 Slice: education=7th-8th
2023-06-09 13:23:19,851 Precision: 0.9473684210526315
2023-06-09 13:23:19,851 Recall: 0.9
2023-06-09 13:23:19,851 fbeta: 0.9230769230769231
2023-06-09 13:23:19,851 -----------------------
2023-06-09 13:23:19,868 Slice: education=Doctorate
2023-06-09 13:23:19,868 Precision: 0.9644012944983819
2023-06-09 13:23:19,869 Recall: 0.9738562091503268
2023-06-09 13:23:19,869 fbeta: 0.9691056910569106
2023-06-09 13:23:19,869 -----------------------
2023-06-09 13:23:19,888 Slice: education=Prof-school
2023-06-09 13:23:19,888 Precision: 0.9742990654205608
2023-06-09 13:23:19,888 Recall: 0.9858156028368794
2023-06-09 13:23:19,888 fbeta: 0.9800235017626322
2023-06-09 13:23:19,888 -----------------------
2023-06-09 13:23:19,905 Slice: education=5th-6th
2023-06-09 13:23:19,905 Precision: 1.0
2023-06-09 13:23:19,905 Recall: 0.875
2023-06-09 13:23:19,905 fbeta: 0.9333333333333333
2023-06-09 13:23:19,905 -----------------------
2023-06-09 13:23:19,930 Slice: education=10th
2023-06-09 13:23:19,930 Precision: 0.9629629629629629
2023-06-09 13:23:19,930 Recall: 0.8387096774193549
2023-06-09 13:23:19,930 fbeta: 0.896551724137931
2023-06-09 13:23:19,930 -----------------------
2023-06-09 13:23:19,944 Slice: education=1st-4th
2023-06-09 13:23:19,944 Precision: 1.0
2023-06-09 13:23:19,944 Recall: 0.5
2023-06-09 13:23:19,944 fbeta: 0.6666666666666666
2023-06-09 13:23:19,944 -----------------------
2023-06-09 13:23:19,957 Slice: education=Preschool
2023-06-09 13:23:19,957 Precision: 1.0
2023-06-09 13:23:19,957 Recall: 1.0
2023-06-09 13:23:19,957 fbeta: 1.0
2023-06-09 13:23:19,957 -----------------------
2023-06-09 13:23:19,975 Slice: education=12th
2023-06-09 13:23:19,975 Precision: 1.0
2023-06-09 13:23:19,976 Recall: 0.8181818181818182
2023-06-09 13:23:19,976 fbeta: 0.9
2023-06-09 13:23:19,976 -----------------------
2023-06-09 13:23:20,111 Slice: marital-status=Never-married
2023-06-09 13:23:20,111 Precision: 0.9801762114537445
2023-06-09 13:23:20,111 Recall: 0.9063136456211812
2023-06-09 13:23:20,111 fbeta: 0.9417989417989416
2023-06-09 13:23:20,112 -----------------------
2023-06-09 13:23:20,397 Slice: marital-status=Married-civ-spouse
2023-06-09 13:23:20,397 Precision: 0.9462884731442366
2023-06-09 13:23:20,397 Recall: 0.9372384937238494
2023-06-09 13:23:20,397 fbeta: 0.9417417417417417
2023-06-09 13:23:20,397 -----------------------
2023-06-09 13:23:20,468 Slice: marital-status=Divorced
2023-06-09 13:23:20,468 Precision: 0.9851485148514851
2023-06-09 13:23:20,468 Recall: 0.8596112311015118
2023-06-09 13:23:20,468 fbeta: 0.9181084198385236
2023-06-09 13:23:20,468 -----------------------
2023-06-09 13:23:20,486 Slice: marital-status=Married-spouse-absent
2023-06-09 13:23:20,486 Precision: 1.0
2023-06-09 13:23:20,486 Recall: 0.8823529411764706
2023-06-09 13:23:20,486 fbeta: 0.9375
2023-06-09 13:23:20,486 -----------------------
2023-06-09 13:23:20,510 Slice: marital-status=Separated
2023-06-09 13:23:20,510 Precision: 1.0
2023-06-09 13:23:20,510 Recall: 0.7575757575757576
2023-06-09 13:23:20,510 fbeta: 0.8620689655172413
2023-06-09 13:23:20,510 -----------------------
2023-06-09 13:23:20,522 Slice: marital-status=Married-AF-spouse
2023-06-09 13:23:20,522 Precision: 1.0
2023-06-09 13:23:20,522 Recall: 0.6
2023-06-09 13:23:20,522 fbeta: 0.7499999999999999
2023-06-09 13:23:20,522 -----------------------
2023-06-09 13:23:20,546 Slice: marital-status=Widowed
2023-06-09 13:23:20,546 Precision: 0.9863013698630136
2023-06-09 13:23:20,546 Recall: 0.8470588235294118
2023-06-09 13:23:20,546 fbeta: 0.9113924050632911
2023-06-09 13:23:20,546 -----------------------
2023-06-09 13:23:20,613 Slice: occupation=Adm-clerical
2023-06-09 13:23:20,613 Precision: 0.944558521560575
2023-06-09 13:23:20,613 Recall: 0.9072978303747534
2023-06-09 13:23:20,613 fbeta: 0.9255533199195171
2023-06-09 13:23:20,613 -----------------------
2023-06-09 13:23:20,689 Slice: occupation=Exec-managerial
2023-06-09 13:23:20,689 Precision: 0.9533468559837728
2023-06-09 13:23:20,689 Recall: 0.9552845528455285
2023-06-09 13:23:20,689 fbeta: 0.9543147208121827
2023-06-09 13:23:20,689 -----------------------
2023-06-09 13:23:20,720 Slice: occupation=Handlers-cleaners
2023-06-09 13:23:20,720 Precision: 0.9871794871794872
2023-06-09 13:23:20,720 Recall: 0.8953488372093024
2023-06-09 13:23:20,720 fbeta: 0.9390243902439025
2023-06-09 13:23:20,720 -----------------------
2023-06-09 13:23:20,796 Slice: occupation=Prof-specialty
2023-06-09 13:23:20,796 Precision: 0.9560085836909872
2023-06-09 13:23:20,796 Recall: 0.9585798816568047
2023-06-09 13:23:20,796 fbeta: 0.9572925060435132
2023-06-09 13:23:20,796 -----------------------
2023-06-09 13:23:20,849 Slice: occupation=Other-service
2023-06-09 13:23:20,849 Precision: 0.9754098360655737
2023-06-09 13:23:20,849 Recall: 0.8686131386861314
2023-06-09 13:23:20,849 fbeta: 0.9189189189189189
2023-06-09 13:23:20,849 -----------------------
2023-06-09 13:23:20,921 Slice: occupation=Sales
2023-06-09 13:23:20,921 Precision: 0.9476439790575916
2023-06-09 13:23:20,921 Recall: 0.9206510681586979
2023-06-09 13:23:20,921 fbeta: 0.933952528379773
2023-06-09 13:23:20,921 -----------------------
2023-06-09 13:23:21,005 Slice: occupation=Craft-repair
2023-06-09 13:23:21,005 Precision: 0.9407744874715261
2023-06-09 13:23:21,005 Recall: 0.8891280947255114
2023-06-09 13:23:21,005 fbeta: 0.9142224681793029
2023-06-09 13:23:21,005 -----------------------
2023-06-09 13:23:21,046 Slice: occupation=Transport-moving
2023-06-09 13:23:21,046 Precision: 0.9466666666666667
2023-06-09 13:23:21,046 Recall: 0.8875
2023-06-09 13:23:21,046 fbeta: 0.9161290322580645
2023-06-09 13:23:21,046 -----------------------
2023-06-09 13:23:21,075 Slice: occupation=Farming-fishing
2023-06-09 13:23:21,075 Precision: 0.9626168224299065
2023-06-09 13:23:21,075 Recall: 0.8956521739130435
2023-06-09 13:23:21,075 fbeta: 0.9279279279279279
2023-06-09 13:23:21,075 -----------------------
2023-06-09 13:23:21,119 Slice: occupation=Machine-op-inspct
2023-06-09 13:23:21,119 Precision: 0.9422222222222222
2023-06-09 13:23:21,120 Recall: 0.848
2023-06-09 13:23:21,120 fbeta: 0.8926315789473684
2023-06-09 13:23:21,120 -----------------------
2023-06-09 13:23:21,151 Slice: occupation=Tech-support
2023-06-09 13:23:21,151 Precision: 0.9487179487179487
2023-06-09 13:23:21,151 Recall: 0.9151943462897526
2023-06-09 13:23:21,151 fbeta: 0.9316546762589927
2023-06-09 13:23:21,151 -----------------------
2023-06-09 13:23:21,186 Slice: occupation=?
2023-06-09 13:23:21,186 Precision: 0.9488636363636364
2023-06-09 13:23:21,186 Recall: 0.8743455497382199
2023-06-09 13:23:21,187 fbeta: 0.9100817438692097
2023-06-09 13:23:21,187 -----------------------
2023-06-09 13:23:21,211 Slice: occupation=Protective-serv
2023-06-09 13:23:21,211 Precision: 0.9563106796116505
2023-06-09 13:23:21,211 Recall: 0.933649289099526
2023-06-09 13:23:21,211 fbeta: 0.9448441247002398
2023-06-09 13:23:21,211 -----------------------
2023-06-09 13:23:21,222 Slice: occupation=Armed-Forces
2023-06-09 13:23:21,222 Precision: 1.0
2023-06-09 13:23:21,222 Recall: 1.0
2023-06-09 13:23:21,222 fbeta: 1.0
2023-06-09 13:23:21,222 -----------------------
2023-06-09 13:23:21,235 Slice: occupation=Priv-house-serv
2023-06-09 13:23:21,235 Precision: 1.0
2023-06-09 13:23:21,235 Recall: 1.0
2023-06-09 13:23:21,235 fbeta: 1.0
2023-06-09 13:23:21,235 -----------------------
2023-06-09 13:23:21,360 Slice: relationship=Not-in-family
2023-06-09 13:23:21,360 Precision: 0.9842312746386334
2023-06-09 13:23:21,360 Recall: 0.875
2023-06-09 13:23:21,360 fbeta: 0.9264069264069263
2023-06-09 13:23:21,360 -----------------------
2023-06-09 13:23:21,609 Slice: relationship=Husband
2023-06-09 13:23:21,609 Precision: 0.9460842859580276
2023-06-09 13:23:21,609 Recall: 0.9369719499831024
2023-06-09 13:23:21,609 fbeta: 0.9415060701247984
2023-06-09 13:23:21,609 -----------------------
2023-06-09 13:23:21,643 Slice: relationship=Wife
2023-06-09 13:23:21,644 Precision: 0.9469387755102041
2023-06-09 13:23:21,644 Recall: 0.934228187919463
2023-06-09 13:23:21,644 fbeta: 0.9405405405405406
2023-06-09 13:23:21,644 -----------------------
2023-06-09 13:23:21,702 Slice: relationship=Own-child
2023-06-09 13:23:21,702 Precision: 0.967741935483871
2023-06-09 13:23:21,702 Recall: 0.8955223880597015
2023-06-09 13:23:21,702 fbeta: 0.930232558139535
2023-06-09 13:23:21,702 -----------------------
2023-06-09 13:23:21,753 Slice: relationship=Unmarried
2023-06-09 13:23:21,753 Precision: 0.9846153846153847
2023-06-09 13:23:21,753 Recall: 0.8807339449541285
2023-06-09 13:23:21,753 fbeta: 0.9297820823244553
2023-06-09 13:23:21,753 -----------------------
2023-06-09 13:23:21,778 Slice: relationship=Other-relative
2023-06-09 13:23:21,778 Precision: 1.0
2023-06-09 13:23:21,778 Recall: 0.8378378378378378
2023-06-09 13:23:21,778 fbeta: 0.911764705882353
2023-06-09 13:23:21,778 -----------------------
2023-06-09 13:23:22,265 Slice: race=White
2023-06-09 13:23:22,265 Precision: 0.9504679625629949
2023-06-09 13:23:22,265 Recall: 0.9274975410987776
2023-06-09 13:23:22,265 fbeta: 0.938842269947376
2023-06-09 13:23:22,265 -----------------------
2023-06-09 13:23:22,321 Slice: race=Black
2023-06-09 13:23:22,321 Precision: 0.9646739130434783
2023-06-09 13:23:22,321 Recall: 0.917312661498708
2023-06-09 13:23:22,321 fbeta: 0.9403973509933775
2023-06-09 13:23:22,321 -----------------------
2023-06-09 13:23:22,351 Slice: race=Asian-Pac-Islander
2023-06-09 13:23:22,351 Precision: 0.9487179487179487
2023-06-09 13:23:22,351 Recall: 0.9384057971014492
2023-06-09 13:23:22,351 fbeta: 0.9435336976320583
2023-06-09 13:23:22,351 -----------------------
2023-06-09 13:23:22,369 Slice: race=Amer-Indian-Eskimo
2023-06-09 13:23:22,370 Precision: 0.9714285714285714
2023-06-09 13:23:22,370 Recall: 0.9444444444444444
2023-06-09 13:23:22,370 fbeta: 0.9577464788732395
2023-06-09 13:23:22,370 -----------------------
2023-06-09 13:23:22,387 Slice: race=Other
2023-06-09 13:23:22,387 Precision: 1.0
2023-06-09 13:23:22,387 Recall: 0.96
2023-06-09 13:23:22,387 fbeta: 0.9795918367346939
2023-06-09 13:23:22,387 -----------------------
2023-06-09 13:23:22,760 Slice: sex=Male
2023-06-09 13:23:22,760 Precision: 0.9501610182487349
2023-06-09 13:23:22,760 Recall: 0.9300510357250075
2023-06-09 13:23:22,760 fbeta: 0.9399984828946369
2023-06-09 13:23:22,760 -----------------------
2023-06-09 13:23:22,907 Slice: sex=Female
2023-06-09 13:23:22,908 Precision: 0.958185053380783
2023-06-09 13:23:22,908 Recall: 0.9134860050890585
2023-06-09 13:23:22,908 fbeta: 0.9353017802865827
2023-06-09 13:23:22,908 -----------------------
2023-06-09 13:23:23,400 Slice: native-country=United-States
2023-06-09 13:23:23,400 Precision: 0.9521018015441808
2023-06-09 13:23:23,401 Recall: 0.9286013108353088
2023-06-09 13:23:23,401 fbeta: 0.9402047299682315
2023-06-09 13:23:23,401 -----------------------
2023-06-09 13:23:23,415 Slice: native-country=Cuba
2023-06-09 13:23:23,415 Precision: 1.0
2023-06-09 13:23:23,415 Recall: 0.92
2023-06-09 13:23:23,415 fbeta: 0.9583333333333334
2023-06-09 13:23:23,415 -----------------------
2023-06-09 13:23:23,428 Slice: native-country=Jamaica
2023-06-09 13:23:23,428 Precision: 0.8181818181818182
2023-06-09 13:23:23,428 Recall: 0.9
2023-06-09 13:23:23,428 fbeta: 0.8571428571428572
2023-06-09 13:23:23,428 -----------------------
2023-06-09 13:23:23,441 Slice: native-country=India
2023-06-09 13:23:23,441 Precision: 0.9736842105263158
2023-06-09 13:23:23,441 Recall: 0.925
2023-06-09 13:23:23,441 fbeta: 0.9487179487179489
2023-06-09 13:23:23,441 -----------------------
2023-06-09 13:23:23,464 Slice: native-country=?
2023-06-09 13:23:23,464 Precision: 0.9513888888888888
2023-06-09 13:23:23,464 Recall: 0.9383561643835616
2023-06-09 13:23:23,464 fbeta: 0.9448275862068966
2023-06-09 13:23:23,465 -----------------------
2023-06-09 13:23:23,486 Slice: native-country=Mexico
2023-06-09 13:23:23,486 Precision: 0.9655172413793104
2023-06-09 13:23:23,486 Recall: 0.8484848484848485
2023-06-09 13:23:23,486 fbeta: 0.9032258064516129
2023-06-09 13:23:23,486 -----------------------
2023-06-09 13:23:23,499 Slice: native-country=South
2023-06-09 13:23:23,499 Precision: 0.8333333333333334
2023-06-09 13:23:23,499 Recall: 0.9375
2023-06-09 13:23:23,499 fbeta: 0.8823529411764706
2023-06-09 13:23:23,499 -----------------------
2023-06-09 13:23:23,513 Slice: native-country=Puerto-Rico
2023-06-09 13:23:23,513 Precision: 0.9166666666666666
2023-06-09 13:23:23,513 Recall: 0.9166666666666666
2023-06-09 13:23:23,513 fbeta: 0.9166666666666666
2023-06-09 13:23:23,513 -----------------------
2023-06-09 13:23:23,524 Slice: native-country=Honduras
2023-06-09 13:23:23,524 Precision: 1.0
2023-06-09 13:23:23,524 Recall: 1.0
2023-06-09 13:23:23,524 fbeta: 1.0
2023-06-09 13:23:23,524 -----------------------
2023-06-09 13:23:23,538 Slice: native-country=England
2023-06-09 13:23:23,538 Precision: 0.9642857142857143
2023-06-09 13:23:23,538 Recall: 0.9
2023-06-09 13:23:23,538 fbeta: 0.9310344827586207
2023-06-09 13:23:23,538 -----------------------
2023-06-09 13:23:23,552 Slice: native-country=Canada
2023-06-09 13:23:23,553 Precision: 0.9696969696969697
2023-06-09 13:23:23,553 Recall: 0.8205128205128205
2023-06-09 13:23:23,553 fbeta: 0.8888888888888888
2023-06-09 13:23:23,553 -----------------------
2023-06-09 13:23:23,568 Slice: native-country=Germany
2023-06-09 13:23:23,568 Precision: 0.9347826086956522
2023-06-09 13:23:23,568 Recall: 0.9772727272727273
2023-06-09 13:23:23,568 fbeta: 0.9555555555555557
2023-06-09 13:23:23,568 -----------------------
2023-06-09 13:23:23,580 Slice: native-country=Iran
2023-06-09 13:23:23,580 Precision: 0.8888888888888888
2023-06-09 13:23:23,580 Recall: 0.8888888888888888
2023-06-09 13:23:23,580 fbeta: 0.8888888888888888
2023-06-09 13:23:23,580 -----------------------
2023-06-09 13:23:23,596 Slice: native-country=Philippines
2023-06-09 13:23:23,596 Precision: 0.95
2023-06-09 13:23:23,596 Recall: 0.9344262295081968
2023-06-09 13:23:23,596 fbeta: 0.9421487603305784
2023-06-09 13:23:23,596 -----------------------
2023-06-09 13:23:23,610 Slice: native-country=Italy
2023-06-09 13:23:23,610 Precision: 1.0
2023-06-09 13:23:23,610 Recall: 0.88
2023-06-09 13:23:23,610 fbeta: 0.9361702127659575
2023-06-09 13:23:23,610 -----------------------
2023-06-09 13:23:23,623 Slice: native-country=Poland
2023-06-09 13:23:23,623 Precision: 0.9
2023-06-09 13:23:23,623 Recall: 0.75
2023-06-09 13:23:23,623 fbeta: 0.8181818181818182
2023-06-09 13:23:23,623 -----------------------
2023-06-09 13:23:23,635 Slice: native-country=Columbia
2023-06-09 13:23:23,635 Precision: 0.5
2023-06-09 13:23:23,635 Recall: 0.5
2023-06-09 13:23:23,636 fbeta: 0.5
2023-06-09 13:23:23,636 -----------------------
2023-06-09 13:23:23,647 Slice: native-country=Cambodia
2023-06-09 13:23:23,647 Precision: 1.0
2023-06-09 13:23:23,647 Recall: 0.7142857142857143
2023-06-09 13:23:23,647 fbeta: 0.8333333333333333
2023-06-09 13:23:23,647 -----------------------
2023-06-09 13:23:23,658 Slice: native-country=Thailand
2023-06-09 13:23:23,658 Precision: 1.0
2023-06-09 13:23:23,658 Recall: 1.0
2023-06-09 13:23:23,658 fbeta: 1.0
2023-06-09 13:23:23,658 -----------------------
2023-06-09 13:23:23,669 Slice: native-country=Ecuador
2023-06-09 13:23:23,669 Precision: 1.0
2023-06-09 13:23:23,669 Recall: 1.0
2023-06-09 13:23:23,669 fbeta: 1.0
2023-06-09 13:23:23,669 -----------------------
2023-06-09 13:23:23,680 Slice: native-country=Laos
2023-06-09 13:23:23,680 Precision: 1.0
2023-06-09 13:23:23,680 Recall: 1.0
2023-06-09 13:23:23,680 fbeta: 1.0
2023-06-09 13:23:23,680 -----------------------
2023-06-09 13:23:23,692 Slice: native-country=Taiwan
2023-06-09 13:23:23,692 Precision: 0.9090909090909091
2023-06-09 13:23:23,692 Recall: 1.0
2023-06-09 13:23:23,692 fbeta: 0.9523809523809523
2023-06-09 13:23:23,692 -----------------------
2023-06-09 13:23:23,703 Slice: native-country=Haiti
2023-06-09 13:23:23,703 Precision: 1.0
2023-06-09 13:23:23,703 Recall: 1.0
2023-06-09 13:23:23,703 fbeta: 1.0
2023-06-09 13:23:23,703 -----------------------
2023-06-09 13:23:23,715 Slice: native-country=Portugal
2023-06-09 13:23:23,715 Precision: 1.0
2023-06-09 13:23:23,715 Recall: 0.75
2023-06-09 13:23:23,715 fbeta: 0.8571428571428571
2023-06-09 13:23:23,715 -----------------------
2023-06-09 13:23:23,727 Slice: native-country=Dominican-Republic
2023-06-09 13:23:23,727 Precision: 1.0
2023-06-09 13:23:23,727 Recall: 1.0
2023-06-09 13:23:23,727 fbeta: 1.0
2023-06-09 13:23:23,727 -----------------------
2023-06-09 13:23:23,740 Slice: native-country=El-Salvador
2023-06-09 13:23:23,741 Precision: 1.0
2023-06-09 13:23:23,741 Recall: 0.8888888888888888
2023-06-09 13:23:23,741 fbeta: 0.9411764705882353
2023-06-09 13:23:23,741 -----------------------
2023-06-09 13:23:23,752 Slice: native-country=France
2023-06-09 13:23:23,752 Precision: 1.0
2023-06-09 13:23:23,752 Recall: 1.0
2023-06-09 13:23:23,752 fbeta: 1.0
2023-06-09 13:23:23,752 -----------------------
2023-06-09 13:23:23,764 Slice: native-country=Guatemala
2023-06-09 13:23:23,764 Precision: 1.0
2023-06-09 13:23:23,764 Recall: 1.0
2023-06-09 13:23:23,764 fbeta: 1.0
2023-06-09 13:23:23,764 -----------------------
2023-06-09 13:23:23,777 Slice: native-country=China
2023-06-09 13:23:23,777 Precision: 0.9047619047619048
2023-06-09 13:23:23,777 Recall: 0.95
2023-06-09 13:23:23,777 fbeta: 0.9268292682926829
2023-06-09 13:23:23,777 -----------------------
2023-06-09 13:23:23,789 Slice: native-country=Japan
2023-06-09 13:23:23,789 Precision: 1.0
2023-06-09 13:23:23,789 Recall: 1.0
2023-06-09 13:23:23,789 fbeta: 1.0
2023-06-09 13:23:23,789 -----------------------
2023-06-09 13:23:23,801 Slice: native-country=Yugoslavia
2023-06-09 13:23:23,801 Precision: 0.8571428571428571
2023-06-09 13:23:23,801 Recall: 1.0
2023-06-09 13:23:23,801 fbeta: 0.923076923076923
2023-06-09 13:23:23,801 -----------------------
2023-06-09 13:23:23,812 Slice: native-country=Peru
2023-06-09 13:23:23,812 Precision: 1.0
2023-06-09 13:23:23,812 Recall: 1.0
2023-06-09 13:23:23,812 fbeta: 1.0
2023-06-09 13:23:23,812 -----------------------
2023-06-09 13:23:23,823 Slice: native-country=Outlying-US(Guam-USVI-etc)
2023-06-09 13:23:23,823 Precision: 1.0
2023-06-09 13:23:23,823 Recall: 1.0
2023-06-09 13:23:23,823 fbeta: 1.0
2023-06-09 13:23:23,823 -----------------------
2023-06-09 13:23:23,834 Slice: native-country=Scotland
2023-06-09 13:23:23,834 Precision: 1.0
2023-06-09 13:23:23,834 Recall: 1.0
2023-06-09 13:23:23,834 fbeta: 1.0
2023-06-09 13:23:23,834 -----------------------
2023-06-09 13:23:23,845 Slice: native-country=Trinadad&Tobago
2023-06-09 13:23:23,845 Precision: 1.0
2023-06-09 13:23:23,845 Recall: 1.0
2023-06-09 13:23:23,845 fbeta: 1.0
2023-06-09 13:23:23,845 -----------------------
2023-06-09 13:23:23,857 Slice: native-country=Greece
2023-06-09 13:23:23,857 Precision: 0.6363636363636364
2023-06-09 13:23:23,857 Recall: 0.875
2023-06-09 13:23:23,857 fbeta: 0.7368421052631579
2023-06-09 13:23:23,857 -----------------------
2023-06-09 13:23:23,869 Slice: native-country=Nicaragua
2023-06-09 13:23:23,869 Precision: 0.6666666666666666
2023-06-09 13:23:23,869 Recall: 1.0
2023-06-09 13:23:23,869 fbeta: 0.8
2023-06-09 13:23:23,869 -----------------------
2023-06-09 13:23:23,882 Slice: native-country=Vietnam
2023-06-09 13:23:23,882 Precision: 1.0
2023-06-09 13:23:23,882 Recall: 0.6
2023-06-09 13:23:23,882 fbeta: 0.7499999999999999
2023-06-09 13:23:23,882 -----------------------
2023-06-09 13:23:23,893 Slice: native-country=Hong
2023-06-09 13:23:23,894 Precision: 1.0
2023-06-09 13:23:23,894 Recall: 1.0
2023-06-09 13:23:23,894 fbeta: 1.0
2023-06-09 13:23:23,894 -----------------------
2023-06-09 13:23:23,905 Slice: native-country=Ireland
2023-06-09 13:23:23,905 Precision: 1.0
2023-06-09 13:23:23,905 Recall: 0.6
2023-06-09 13:23:23,905 fbeta: 0.7499999999999999
2023-06-09 13:23:23,905 -----------------------
2023-06-09 13:23:23,917 Slice: native-country=Hungary
2023-06-09 13:23:23,917 Precision: 1.0
2023-06-09 13:23:23,917 Recall: 1.0
2023-06-09 13:23:23,917 fbeta: 1.0
2023-06-09 13:23:23,917 -----------------------
2023-06-09 13:23:23,927 Slice: native-country=Holand-Netherlands
2023-06-09 13:23:23,927 Precision: 1.0
2023-06-09 13:23:23,927 Recall: 1.0
2023-06-09 13:23:23,927 fbeta: 1.0
2023-06-09 13:23:23,927 -----------------------
